Using pre-set license
Built from '2020.3/staging' branch; Version is '2020.3.3f1 (76626098c1c4) revision 7758432'; Using compiler version '192528614'; Build Type 'Release'
OS: 'Windows 10 Pro; OS build 19043.1237; Version 2009; 64bit' Language: 'en' Physical Memory: 7599 MB
BatchMode: 1, IsHumanControllingUs: 0, StartBugReporterOnCrash: 0, Is64bit: 1, IsPro: 0

 COMMAND LINE ARGUMENTS:
D:\Unit_Project\2020.3.3f1\Editor\Unity.exe
-adb2
-batchMode
-noUpm
-name
AssetImportWorker0
-projectPath
D:/GitHub/Block Game Producing
-logFile
Logs/AssetImportWorker0.log
-srvPort
62800
Successfully changed project path to: D:/GitHub/Block Game Producing
D:/GitHub/Block Game Producing
Using Asset Import Pipeline V2.
Refreshing native plugins compatible for Editor in 35.91 ms, found 1 plugins.
Preloading 0 native plugins for Editor in 0.00 ms.
Initialize engine version: 2020.3.3f1 (76626098c1c4)
[Subsystems] Discovering subsystems at path D:/Unit_Project/2020.3.3f1/Editor/Data/Resources/UnitySubsystems
[Subsystems] Discovering subsystems at path D:/GitHub/Block Game Producing/Assets
GfxDevice: creating device client; threaded=0
Direct3D:
    Version:  Direct3D 11.0 [level 11.1]
    Renderer: NVIDIA GeForce GTX 1650 Ti (ID=0x1f95)
    Vendor:   
    VRAM:     3962 MB
    Driver:   27.21.14.5763
Initialize mono
Mono path[0] = 'D:/Unit_Project/2020.3.3f1/Editor/Data/Managed'
Mono path[1] = 'D:/Unit_Project/2020.3.3f1/Editor/Data/MonoBleedingEdge/lib/mono/unityjit'
Mono config path = 'D:/Unit_Project/2020.3.3f1/Editor/Data/MonoBleedingEdge/etc'
Using monoOptions --debugger-agent=transport=dt_socket,embedding=1,server=y,suspend=n,address=127.0.0.1:56024
Begin MonoManager ReloadAssembly
Registering precompiled unity dll's ...
Register platform support module: D:/Unit_Project/2020.3.3f1/Editor/Data/PlaybackEngines/WebGLSupport/UnityEditor.WebGL.Extensions.dll
Register platform support module: D:/Unit_Project/2020.3.3f1/Editor/Data/PlaybackEngines/WindowsStandaloneSupport/UnityEditor.WindowsStandalone.Extensions.dll
Registered in 0.001101 seconds.
Native extension for WindowsStandalone target not found
Native extension for WebGL target not found
Refreshing native plugins compatible for Editor in 36.99 ms, found 1 plugins.
Preloading 0 native plugins for Editor in 0.00 ms.
Invoked RoslynAnalysisRunner static constructor.
RoslynAnalysisRunner will not be running.
RoslynAnalysisRunner has terminated.
Mono: successfully reloaded assembly
- Completed reload, in  0.996 seconds
Platform modules already initialized, skipping
Registering precompiled user dll's ...
Registered in 0.000736 seconds.
Begin MonoManager ReloadAssembly
Native extension for WindowsStandalone target not found
Native extension for WebGL target not found
Refreshing native plugins compatible for Editor in 43.72 ms, found 1 plugins.
Preloading 0 native plugins for Editor in 0.00 ms.
Invoked RoslynAnalysisRunner static constructor.
RoslynAnalysisRunner will not be running.
RoslynAnalysisRunner has terminated.
Mono: successfully reloaded assembly
- Completed reload, in  0.999 seconds
Platform modules already initialized, skipping
========================================================================
Worker process is ready to serve import requests
Launched and connected shader compiler UnityShaderCompiler.exe after 0.05 seconds
Refreshing native plugins compatible for Editor in 0.55 ms, found 1 plugins.
Preloading 0 native plugins for Editor in 0.00 ms.
Unloading 1815 Unused Serialized files (Serialized files now loaded: 0)
System memory in use before: 85.1 MB.
System memory in use after: 85.1 MB.

Unloading 24 unused Assets to reduce memory usage. Loaded Objects now: 2258.
Total: 2.428800 ms (FindLiveObjects: 0.388300 ms CreateObjectMapping: 0.086500 ms MarkObjects: 1.815100 ms  DeleteObjects: 0.137300 ms)

========================================================================
Received Import Request.
  path: Assets/Scripts/Grid.cs
  artifactKey: Guid(6f4bbeae9ab4ede40ac4f9dfbe8b76d3) Importer(815301076,1909f56bfc062723c751e8b465ee728b)
Start importing Assets/Scripts/Grid.cs using Guid(6f4bbeae9ab4ede40ac4f9dfbe8b76d3) Importer(815301076,1909f56bfc062723c751e8b465ee728b)  -> (artifact id: 'bcfc7f6294cc6814620e8fab12b58c1c') in 0.055954 seconds
  Import took 0.060782 seconds .

========================================================================
Received Prepare
Registering precompiled user dll's ...
Registered in 0.001825 seconds.
Begin MonoManager ReloadAssembly
Native extension for WindowsStandalone target not found
Native extension for WebGL target not found
Refreshing native plugins compatible for Editor in 0.57 ms, found 1 plugins.
Preloading 0 native plugins for Editor in 0.00 ms.
Invoked RoslynAnalysisRunner static constructor.
RoslynAnalysisRunner will not be running.
RoslynAnalysisRunner has terminated.
Mono: successfully reloaded assembly
- Completed reload, in  0.923 seconds
Platform modules already initialized, skipping
Refreshing native plugins compatible for Editor in 0.69 ms, found 1 plugins.
Preloading 0 native plugins for Editor in 0.00 ms.
Unloading 1810 Unused Serialized files (Serialized files now loaded: 0)
System memory in use before: 85.1 MB.
System memory in use after: 85.0 MB.

Unloading 12 unused Assets to reduce memory usage. Loaded Objects now: 2262.
Total: 2.905000 ms (FindLiveObjects: 0.275500 ms CreateObjectMapping: 0.083700 ms MarkObjects: 2.431100 ms  DeleteObjects: 0.112900 ms)

========================================================================
Received Import Request.
  Time since last request: 218.789763 seconds.
  path: Assets/Scripts/Grid.cs
  artifactKey: Guid(6f4bbeae9ab4ede40ac4f9dfbe8b76d3) Importer(815301076,1909f56bfc062723c751e8b465ee728b)
Start importing Assets/Scripts/Grid.cs using Guid(6f4bbeae9ab4ede40ac4f9dfbe8b76d3) Importer(815301076,1909f56bfc062723c751e8b465ee728b)  -> (artifact id: '7e53c74d716511a45a22f4ecf22fa798') in 0.007963 seconds
  Import took 0.011339 seconds .

========================================================================
Received Prepare
Registering precompiled user dll's ...
Registered in 0.000776 seconds.
Begin MonoManager ReloadAssembly
Native extension for WindowsStandalone target not found
Native extension for WebGL target not found
Refreshing native plugins compatible for Editor in 0.40 ms, found 1 plugins.
Preloading 0 native plugins for Editor in 0.00 ms.
Invoked RoslynAnalysisRunner static constructor.
RoslynAnalysisRunner will not be running.
RoslynAnalysisRunner has terminated.
Mono: successfully reloaded assembly
- Completed reload, in  0.851 seconds
Platform modules already initialized, skipping
Refreshing native plugins compatible for Editor in 0.39 ms, found 1 plugins.
Preloading 0 native plugins for Editor in 0.00 ms.
Unloading 1810 Unused Serialized files (Serialized files now loaded: 0)
System memory in use before: 85.1 MB.
System memory in use after: 85.1 MB.

Unloading 12 unused Assets to reduce memory usage. Loaded Objects now: 2266.
Total: 2.249200 ms (FindLiveObjects: 0.309100 ms CreateObjectMapping: 0.148600 ms MarkObjects: 1.678400 ms  DeleteObjects: 0.111300 ms)

========================================================================
Received Prepare
Registering precompiled user dll's ...
Registered in 0.000775 seconds.
Begin MonoManager ReloadAssembly
Native extension for WindowsStandalone target not found
Native extension for WebGL target not found
Refreshing native plugins compatible for Editor in 0.42 ms, found 1 plugins.
Preloading 0 native plugins for Editor in 0.00 ms.
Invoked RoslynAnalysisRunner static constructor.
RoslynAnalysisRunner will not be running.
RoslynAnalysisRunner has terminated.
Mono: successfully reloaded assembly
- Completed reload, in  0.775 seconds
Platform modules already initialized, skipping
Refreshing native plugins compatible for Editor in 0.35 ms, found 1 plugins.
Preloading 0 native plugins for Editor in 0.00 ms.
Unloading 1810 Unused Serialized files (Serialized files now loaded: 0)
System memory in use before: 85.1 MB.
System memory in use after: 85.1 MB.

Unloading 12 unused Assets to reduce memory usage. Loaded Objects now: 2270.
Total: 2.587700 ms (FindLiveObjects: 0.393100 ms CreateObjectMapping: 0.113000 ms MarkObjects: 1.946900 ms  DeleteObjects: 0.132900 ms)

========================================================================
Received Prepare
Registering precompiled user dll's ...
Registered in 0.000737 seconds.
Begin MonoManager ReloadAssembly
Native extension for WindowsStandalone target not found
Native extension for WebGL target not found
Refreshing native plugins compatible for Editor in 0.36 ms, found 1 plugins.
Preloading 0 native plugins for Editor in 0.00 ms.
Invoked RoslynAnalysisRunner static constructor.
RoslynAnalysisRunner will not be running.
RoslynAnalysisRunner has terminated.
Mono: successfully reloaded assembly
- Completed reload, in  0.844 seconds
Platform modules already initialized, skipping
Refreshing native plugins compatible for Editor in 0.40 ms, found 1 plugins.
Preloading 0 native plugins for Editor in 0.00 ms.
Unloading 1810 Unused Serialized files (Serialized files now loaded: 0)
System memory in use before: 85.1 MB.
System memory in use after: 85.1 MB.

Unloading 12 unused Assets to reduce memory usage. Loaded Objects now: 2274.
Total: 2.688800 ms (FindLiveObjects: 0.351000 ms CreateObjectMapping: 0.055400 ms MarkObjects: 2.105900 ms  DeleteObjects: 0.174600 ms)

========================================================================
Received Import Request.
  Time since last request: 234.350622 seconds.
  path: Assets/Scripts/Grid.cs
  artifactKey: Guid(6f4bbeae9ab4ede40ac4f9dfbe8b76d3) Importer(815301076,1909f56bfc062723c751e8b465ee728b)
Start importing Assets/Scripts/Grid.cs using Guid(6f4bbeae9ab4ede40ac4f9dfbe8b76d3) Importer(815301076,1909f56bfc062723c751e8b465ee728b)  -> (artifact id: '01b97521827017b70c35547d260fff6d') in 0.006229 seconds
  Import took 0.009914 seconds .

========================================================================
Received Prepare
Registering precompiled user dll's ...
Registered in 0.000933 seconds.
Begin MonoManager ReloadAssembly
Native extension for WindowsStandalone target not found
Native extension for WebGL target not found
Refreshing native plugins compatible for Editor in 0.37 ms, found 1 plugins.
Preloading 0 native plugins for Editor in 0.00 ms.
Invoked RoslynAnalysisRunner static constructor.
RoslynAnalysisRunner will not be running.
RoslynAnalysisRunner has terminated.
Mono: successfully reloaded assembly
- Completed reload, in  0.775 seconds
Platform modules already initialized, skipping
Refreshing native plugins compatible for Editor in 0.43 ms, found 1 plugins.
Preloading 0 native plugins for Editor in 0.00 ms.
Unloading 1810 Unused Serialized files (Serialized files now loaded: 0)
System memory in use before: 85.2 MB.
System memory in use after: 85.2 MB.

Unloading 12 unused Assets to reduce memory usage. Loaded Objects now: 2278.
Total: 2.856500 ms (FindLiveObjects: 0.447200 ms CreateObjectMapping: 0.070200 ms MarkObjects: 2.210100 ms  DeleteObjects: 0.126400 ms)

========================================================================
Received Import Request.
  Time since last request: 295.327594 seconds.
  path: Assets/Scripts/Grid.cs
  artifactKey: Guid(6f4bbeae9ab4ede40ac4f9dfbe8b76d3) Importer(815301076,1909f56bfc062723c751e8b465ee728b)
Start importing Assets/Scripts/Grid.cs using Guid(6f4bbeae9ab4ede40ac4f9dfbe8b76d3) Importer(815301076,1909f56bfc062723c751e8b465ee728b)  -> (artifact id: '5dc5a6d950f29499776e6a304ccab49e') in 0.006500 seconds
  Import took 0.009601 seconds .

========================================================================
Received Import Request.
  Time since last request: 26.178672 seconds.
  path: Assets/Scenes/Main.unity
  artifactKey: Guid(2cda990e2423bbf4892e6590ba056729) Importer(815301076,1909f56bfc062723c751e8b465ee728b)
Start importing Assets/Scenes/Main.unity using Guid(2cda990e2423bbf4892e6590ba056729) Importer(815301076,1909f56bfc062723c751e8b465ee728b)  -> (artifact id: '77c768be914b40679bb4335ac2c97299') in 0.016088 seconds
  Import took 0.019455 seconds .

========================================================================
Received Import Request.
  Time since last request: 0.849766 seconds.
  path: Assets/Scenes/Main 1.unity
  artifactKey: Guid(21f0ae4e88090234b8956e580bea3720) Importer(815301076,1909f56bfc062723c751e8b465ee728b)
Start importing Assets/Scenes/Main 1.unity using Guid(21f0ae4e88090234b8956e580bea3720) Importer(815301076,1909f56bfc062723c751e8b465ee728b)  -> (artifact id: '36da0a5cbd03709c9ad624c0930c8790') in 0.011489 seconds
  Import took 0.016730 seconds .

========================================================================
Received Import Request.
  Time since last request: 12.555890 seconds.
  path: Assets/Scenes/level1.unity
  artifactKey: Guid(21f0ae4e88090234b8956e580bea3720) Importer(815301076,1909f56bfc062723c751e8b465ee728b)
Start importing Assets/Scenes/level1.unity using Guid(21f0ae4e88090234b8956e580bea3720) Importer(815301076,1909f56bfc062723c751e8b465ee728b)  -> (artifact id: 'f618ca66bbcc4a10b86472b090a57ebd') in 0.008708 seconds
  Import took 0.011802 seconds .

========================================================================
Received Prepare
Registering precompiled user dll's ...
Registered in 0.000958 seconds.
Begin MonoManager ReloadAssembly
Native extension for WindowsStandalone target not found
Native extension for WebGL target not found
Refreshing native plugins compatible for Editor in 0.38 ms, found 1 plugins.
Preloading 0 native plugins for Editor in 0.00 ms.
Invoked RoslynAnalysisRunner static constructor.
RoslynAnalysisRunner will not be running.
RoslynAnalysisRunner has terminated.
Mono: successfully reloaded assembly
- Completed reload, in  0.757 seconds
Platform modules already initialized, skipping
Refreshing native plugins compatible for Editor in 0.38 ms, found 1 plugins.
Preloading 0 native plugins for Editor in 0.00 ms.
Unloading 1810 Unused Serialized files (Serialized files now loaded: 0)
System memory in use before: 85.2 MB.
System memory in use after: 85.2 MB.

Unloading 12 unused Assets to reduce memory usage. Loaded Objects now: 2282.
Total: 2.232700 ms (FindLiveObjects: 0.428800 ms CreateObjectMapping: 0.051400 ms MarkObjects: 1.635800 ms  DeleteObjects: 0.115000 ms)

========================================================================
Received Import Request.
  Time since last request: 226.897027 seconds.
  path: Assets/Prefabs/BB_Block.prefab
  artifactKey: Guid(7296a2c080d042445ab629409a14d845) Importer(815301076,1909f56bfc062723c751e8b465ee728b)
Start importing Assets/Prefabs/BB_Block.prefab using Guid(7296a2c080d042445ab629409a14d845) Importer(815301076,1909f56bfc062723c751e8b465ee728b)  -> (artifact id: '928106815a0fc400016c459cfdfb4160') in 0.109778 seconds
  Import took 0.113648 seconds .

========================================================================
Received Import Request.
  Time since last request: 0.000201 seconds.
  path: Assets/Prefabs/EmptyBlock.prefab
  artifactKey: Guid(92649d788b64ad24ea8e1b3671cf6a48) Importer(815301076,1909f56bfc062723c751e8b465ee728b)
Start importing Assets/Prefabs/EmptyBlock.prefab using Guid(92649d788b64ad24ea8e1b3671cf6a48) Importer(815301076,1909f56bfc062723c751e8b465ee728b)  -> (artifact id: 'e9dd5b496e577289a94419f450ba3947') in 0.009201 seconds
  Import took 0.012589 seconds .

========================================================================
Received Import Request.
  Time since last request: 0.000273 seconds.
  path: Assets/Prefabs/ColumnClearBlock.prefab
  artifactKey: Guid(e8c1a83847cf83040a68dad163b75d1a) Importer(815301076,1909f56bfc062723c751e8b465ee728b)
Start importing Assets/Prefabs/ColumnClearBlock.prefab using Guid(e8c1a83847cf83040a68dad163b75d1a) Importer(815301076,1909f56bfc062723c751e8b465ee728b)  -> (artifact id: 'ae362e8c040c4f7d2521d8dc772a2328') in 0.021534 seconds
  Import took 0.025620 seconds .

========================================================================
Received Import Request.
  Time since last request: 0.000244 seconds.
  path: Assets/Prefabs/NorBlock.prefab
  artifactKey: Guid(2d6ea2d85559f8148b2b38fca6522d9e) Importer(815301076,1909f56bfc062723c751e8b465ee728b)
Start importing Assets/Prefabs/NorBlock.prefab using Guid(2d6ea2d85559f8148b2b38fca6522d9e) Importer(815301076,1909f56bfc062723c751e8b465ee728b)  -> (artifact id: '279c51cc68d56902fb6f40e30486d521') in 0.023867 seconds
  Import took 0.027570 seconds .

========================================================================
Received Import Request.
  Time since last request: 0.000227 seconds.
  path: Assets/Prefabs/RowClearBlock.prefab
  artifactKey: Guid(e8dca1918bacd3a42be5bcf9a09f6884) Importer(815301076,1909f56bfc062723c751e8b465ee728b)
Start importing Assets/Prefabs/RowClearBlock.prefab using Guid(e8dca1918bacd3a42be5bcf9a09f6884) Importer(815301076,1909f56bfc062723c751e8b465ee728b)  -> (artifact id: '747ea49e19d5e4c85bc5dac10bcb6e79') in 0.020942 seconds
  Import took 0.024481 seconds .

========================================================================
Received Import Request.
  Time since last request: 110.382073 seconds.
  path: Assets/Prefabs/NorBlock.prefab
  artifactKey: Guid(2d6ea2d85559f8148b2b38fca6522d9e) Importer(815301076,1909f56bfc062723c751e8b465ee728b)
Start importing Assets/Prefabs/NorBlock.prefab using Guid(2d6ea2d85559f8148b2b38fca6522d9e) Importer(815301076,1909f56bfc062723c751e8b465ee728b)  -> (artifact id: '0894bc498bf258c45daccfad2c285f27') in 0.015666 seconds
  Import took 0.020063 seconds .

========================================================================
Received Import Request.
  Time since last request: 17.640657 seconds.
  path: Assets/Scripts/Grid.cs
  artifactKey: Guid(6f4bbeae9ab4ede40ac4f9dfbe8b76d3) Importer(815301076,1909f56bfc062723c751e8b465ee728b)
Start importing Assets/Scripts/Grid.cs using Guid(6f4bbeae9ab4ede40ac4f9dfbe8b76d3) Importer(815301076,1909f56bfc062723c751e8b465ee728b)  -> (artifact id: '765aaa640cbfbef09ae3442b58d3810c') in 0.002013 seconds
  Import took 0.005591 seconds .

========================================================================
Received Import Request.
  Time since last request: 0.002049 seconds.
  path: Assets/Scripts/Grid.cs
  artifactKey: Guid(6f4bbeae9ab4ede40ac4f9dfbe8b76d3) Importer(815301076,1909f56bfc062723c751e8b465ee728b)
Start importing Assets/Scripts/Grid.cs using Guid(6f4bbeae9ab4ede40ac4f9dfbe8b76d3) Importer(815301076,1909f56bfc062723c751e8b465ee728b)  -> (artifact id: '765aaa640cbfbef09ae3442b58d3810c') in 0.002169 seconds
  Import took 0.006111 seconds .

AssetImportWorkerClient::OnTransportError - code=2 error=End of file
